Build started 5/30/2011 11:33:43 AM.
     1>Project "C:\Documents and Settings\Administrator\My Documents\Visual Studio 2010\Projects\mouse Control\mouse Control\mouse Control.vcxproj" on node 2 (build target(s)).
     1>InitializeBuildStatus:
         Touching "Debug\mouse Control.unsuccessfulbuild".
       ClCompile:
         All outputs are up-to-date.
       ManifestResourceCompile:
         All outputs are up-to-date.
       Link:
         c:\Program Files\Microsoft Visual Studio 10.0\VC\bin\link.exe /ERRORREPORT:PROMPT /OUT:"C:\Documents and Settings\Administrator\My Documents\Visual Studio 2010\Projects\mouse Control\Debug\mouse Control.exe" /INCREMENTAL /NOLOGO /LIBPATH:./Lib openNI.lib glut32.lib kernel32.lib user32.lib gdi32.lib winspool.lib comdlg32.lib advapi32.lib shell32.lib ole32.lib oleaut32.lib uuid.lib odbc32.lib odbccp32.lib /MANIFEST /ManifestFile:"Debug\mouse Control.exe.intermediate.manifest" /MANIFESTUAC:"level='asInvoker' uiAccess='false'" /DEBUG /PDB:"C:\Documents and Settings\Administrator\My Documents\Visual Studio 2010\Projects\mouse Control\Debug\mouse Control.pdb" /TLBID:1 /DYNAMICBASE /NXCOMPAT /IMPLIB:"C:\Documents and Settings\Administrator\My Documents\Visual Studio 2010\Projects\mouse Control\Debug\mouse Control.lib" /MACHINE:X86 "Debug\mouse Control.exe.embed.manifest.res"
         Debug\MouseControl.obj
         Debug\SceneDrawer.obj
       Manifest:
         c:\Program Files\Microsoft SDKs\Windows\v7.0A\bin\mt.exe /nologo /verbose /out:"Debug\mouse Control.exe.embed.manifest" /manifest "Debug\mouse Control.exe.intermediate.manifest"
         All outputs are up-to-date.
       LinkEmbedManifest:
         All outputs are up-to-date.
         mouse Control.vcxproj -> C:\Documents and Settings\Administrator\My Documents\Visual Studio 2010\Projects\mouse Control\Debug\mouse Control.exe
       FinalizeBuildStatus:
         Deleting file "Debug\mouse Control.unsuccessfulbuild".
         Touching "Debug\mouse Control.lastbuildstate".
     1>Done Building Project "C:\Documents and Settings\Administrator\My Documents\Visual Studio 2010\Projects\mouse Control\mouse Control\mouse Control.vcxproj" (build target(s)).

Build succeeded.

Time Elapsed 00:00:01.46
